<?xml version="1.0" encoding="UTF-8"?>
<!-- Generated by org.testng.reporters.JUnitReportReporter -->
<testsuite hostname="192.168.1.6" failures="0" tests="1" name="Test.SignInTest" time="8.933" errors="0" timestamp="12 Nov 2019 19:33:18 GMT">
  <testcase classname="Test.SignInTest" name="validSignIn" time="8.933"/>
</testsuite> <!-- Test.SignInTest -->
