<?xml version="1.0" encoding="UTF-8"?>
<!-- Generated by org.testng.reporters.JUnitReportReporter -->
<testsuite hostname="192.168.1.6" failures="0" tests="1" name="Test.LoginTest" time="18.666" errors="0" timestamp="12 Nov 2019 19:33:18 GMT">
  <testcase classname="Test.LoginTest" name="validLogin" time="18.666"/>
</testsuite> <!-- Test.LoginTest -->
